
2024-12-27 17:03:05,647:DEBUG:cmd: where.exe tbb.dll
cwd: None
2024-12-27 17:03:05,722:DEBUG:TBB already found in load path
2024-12-27 17:03:05,729:INFO:Disabling yearly seasonality. Run prophet with yearly_seasonality=True to override this.
2024-12-27 17:03:05,729:INFO:Disabling daily seasonality. Run prophet with daily_seasonality=True to override this.
2024-12-27 17:03:05,740:DEBUG:input tempfile: C:\Users\adypr\AppData\Local\Temp\tmpwu2unsmg\hjyzx_y0.json
2024-12-27 17:03:05,760:DEBUG:input tempfile: C:\Users\adypr\AppData\Local\Temp\tmpwu2unsmg\ncn1j3hi.json
2024-12-27 17:03:05,762:DEBUG:idx 0
2024-12-27 17:03:05,763:DEBUG:running CmdStan, num_threads: None
2024-12-27 17:03:05,763:DEBUG:CmdStan args: ['C:\\Users\\adypr\\AppData\\Local\\Programs\\Python\\Python311\\Lib\\site-packages\\prophet\\stan_model\\prophet_model.bin', 'random', 'seed=93702', 'data', 'file=C:\\Users\\adypr\\AppData\\Local\\Temp\\tmpwu2unsmg\\hjyzx_y0.json', 'init=C:\\Users\\adypr\\AppData\\Local\\Temp\\tmpwu2unsmg\\ncn1j3hi.json', 'output', 'file=C:\\Users\\adypr\\AppData\\Local\\Temp\\tmpwu2unsmg\\prophet_model4cbykmxy\\prophet_model-20241227170305.csv', 'method=optimize', 'algorithm=lbfgs', 'iter=10000']
2024-12-27 17:03:05,763:INFO:Chain [1] start processing
2024-12-27 17:03:05,871:INFO:Chain [1] done processing
2024-12-27 17:13:09,077:DEBUG:cmd: where.exe tbb.dll
cwd: None
2024-12-27 17:13:09,155:DEBUG:TBB already found in load path
2024-12-27 17:13:09,161:INFO:Disabling yearly seasonality. Run prophet with yearly_seasonality=True to override this.
2024-12-27 17:13:09,161:INFO:Disabling daily seasonality. Run prophet with daily_seasonality=True to override this.
2024-12-27 17:13:09,174:DEBUG:input tempfile: C:\Users\adypr\AppData\Local\Temp\tmpwu2unsmg\yb9286pc.json
2024-12-27 17:13:09,192:DEBUG:input tempfile: C:\Users\adypr\AppData\Local\Temp\tmpwu2unsmg\jfbqdsim.json
2024-12-27 17:13:09,194:DEBUG:idx 0
2024-12-27 17:13:09,194:DEBUG:running CmdStan, num_threads: None
2024-12-27 17:13:09,194:DEBUG:CmdStan args: ['C:\\Users\\adypr\\AppData\\Local\\Programs\\Python\\Python311\\Lib\\site-packages\\prophet\\stan_model\\prophet_model.bin', 'random', 'seed=11363', 'data', 'file=C:\\Users\\adypr\\AppData\\Local\\Temp\\tmpwu2unsmg\\yb9286pc.json', 'init=C:\\Users\\adypr\\AppData\\Local\\Temp\\tmpwu2unsmg\\jfbqdsim.json', 'output', 'file=C:\\Users\\adypr\\AppData\\Local\\Temp\\tmpwu2unsmg\\prophet_modelnky6uat5\\prophet_model-20241227171309.csv', 'method=optimize', 'algorithm=lbfgs', 'iter=10000']
2024-12-27 17:13:09,194:INFO:Chain [1] start processing
2024-12-27 17:13:09,291:INFO:Chain [1] done processing
2024-12-27 17:14:11,257:DEBUG:cmd: where.exe tbb.dll
cwd: None
2024-12-27 17:14:11,319:DEBUG:TBB already found in load path
2024-12-27 17:14:11,323:INFO:Disabling yearly seasonality. Run prophet with yearly_seasonality=True to override this.
2024-12-27 17:14:11,323:INFO:Disabling daily seasonality. Run prophet with daily_seasonality=True to override this.
2024-12-27 17:14:11,334:DEBUG:input tempfile: C:\Users\adypr\AppData\Local\Temp\tmpwu2unsmg\x953hl69.json
2024-12-27 17:14:11,348:DEBUG:input tempfile: C:\Users\adypr\AppData\Local\Temp\tmpwu2unsmg\afax0ztl.json
2024-12-27 17:14:11,349:DEBUG:idx 0
2024-12-27 17:14:11,349:DEBUG:running CmdStan, num_threads: None
2024-12-27 17:14:11,350:DEBUG:CmdStan args: ['C:\\Users\\adypr\\AppData\\Local\\Programs\\Python\\Python311\\Lib\\site-packages\\prophet\\stan_model\\prophet_model.bin', 'random', 'seed=12314', 'data', 'file=C:\\Users\\adypr\\AppData\\Local\\Temp\\tmpwu2unsmg\\x953hl69.json', 'init=C:\\Users\\adypr\\AppData\\Local\\Temp\\tmpwu2unsmg\\afax0ztl.json', 'output', 'file=C:\\Users\\adypr\\AppData\\Local\\Temp\\tmpwu2unsmg\\prophet_modelxl2g3rcy\\prophet_model-20241227171411.csv', 'method=optimize', 'algorithm=lbfgs', 'iter=10000']
2024-12-27 17:14:11,350:INFO:Chain [1] start processing
2024-12-27 17:14:11,444:INFO:Chain [1] done processing
2024-12-27 17:14:58,488:ERROR:Error fetching news from https://www.nseindia.com/get-quotes/equity?symbol=ZOMATO: HTTPSConnectionPool(host='www.nseindia.com', port=443): Read timed out. (read timeout=5)
2024-12-27 17:15:13,656:DEBUG:cmd: where.exe tbb.dll
cwd: None
2024-12-27 17:15:13,721:DEBUG:TBB already found in load path
2024-12-27 17:15:13,725:INFO:Disabling yearly seasonality. Run prophet with yearly_seasonality=True to override this.
2024-12-27 17:15:13,725:INFO:Disabling daily seasonality. Run prophet with daily_seasonality=True to override this.
2024-12-27 17:15:13,735:DEBUG:input tempfile: C:\Users\adypr\AppData\Local\Temp\tmpwu2unsmg\5qnbyzq0.json
2024-12-27 17:15:13,751:DEBUG:input tempfile: C:\Users\adypr\AppData\Local\Temp\tmpwu2unsmg\9fqytlv_.json
2024-12-27 17:15:13,753:DEBUG:idx 0
2024-12-27 17:15:13,753:DEBUG:running CmdStan, num_threads: None
2024-12-27 17:15:13,754:DEBUG:CmdStan args: ['C:\\Users\\adypr\\AppData\\Local\\Programs\\Python\\Python311\\Lib\\site-packages\\prophet\\stan_model\\prophet_model.bin', 'random', 'seed=88680', 'data', 'file=C:\\Users\\adypr\\AppData\\Local\\Temp\\tmpwu2unsmg\\5qnbyzq0.json', 'init=C:\\Users\\adypr\\AppData\\Local\\Temp\\tmpwu2unsmg\\9fqytlv_.json', 'output', 'file=C:\\Users\\adypr\\AppData\\Local\\Temp\\tmpwu2unsmg\\prophet_modeli1x_lv6w\\prophet_model-20241227171513.csv', 'method=optimize', 'algorithm=lbfgs', 'iter=10000']
2024-12-27 17:15:13,754:INFO:Chain [1] start processing
2024-12-27 17:15:13,849:INFO:Chain [1] done processing
2024-12-27 17:15:53,270:ERROR:Error fetching news from https://www.nseindia.com/get-quotes/equity?symbol=ZOMATO: HTTPSConnectionPool(host='www.nseindia.com', port=443): Read timed out. (read timeout=5)
2024-12-27 17:16:18,410:DEBUG:cmd: where.exe tbb.dll
cwd: None
2024-12-27 17:16:18,474:DEBUG:TBB already found in load path
2024-12-27 17:16:18,479:INFO:Disabling yearly seasonality. Run prophet with yearly_seasonality=True to override this.
2024-12-27 17:16:18,479:INFO:Disabling daily seasonality. Run prophet with daily_seasonality=True to override this.
2024-12-27 17:16:18,490:DEBUG:input tempfile: C:\Users\adypr\AppData\Local\Temp\tmpwu2unsmg\zdtcxm2v.json
2024-12-27 17:16:18,504:DEBUG:input tempfile: C:\Users\adypr\AppData\Local\Temp\tmpwu2unsmg\vrc6eq3u.json
2024-12-27 17:16:18,506:DEBUG:idx 0
2024-12-27 17:16:18,507:DEBUG:running CmdStan, num_threads: None
2024-12-27 17:16:18,507:DEBUG:CmdStan args: ['C:\\Users\\adypr\\AppData\\Local\\Programs\\Python\\Python311\\Lib\\site-packages\\prophet\\stan_model\\prophet_model.bin', 'random', 'seed=96263', 'data', 'file=C:\\Users\\adypr\\AppData\\Local\\Temp\\tmpwu2unsmg\\zdtcxm2v.json', 'init=C:\\Users\\adypr\\AppData\\Local\\Temp\\tmpwu2unsmg\\vrc6eq3u.json', 'output', 'file=C:\\Users\\adypr\\AppData\\Local\\Temp\\tmpwu2unsmg\\prophet_modeluj2yk0eo\\prophet_model-20241227171618.csv', 'method=optimize', 'algorithm=lbfgs', 'iter=10000']
2024-12-27 17:16:18,508:INFO:Chain [1] start processing
2024-12-27 17:16:18,597:INFO:Chain [1] done processing
2024-12-27 17:17:12,242:ERROR:Error fetching news from https://www.nseindia.com/get-quotes/equity?symbol=ZOMATO: ('Connection aborted.', RemoteDisconnected('Remote end closed connection without response'))
2024-12-27 17:23:44,534:DEBUG:cmd: where.exe tbb.dll
cwd: None
2024-12-27 17:23:44,595:DEBUG:TBB already found in load path
2024-12-27 17:23:44,600:INFO:Disabling yearly seasonality. Run prophet with yearly_seasonality=True to override this.
2024-12-27 17:23:44,601:INFO:Disabling daily seasonality. Run prophet with daily_seasonality=True to override this.
2024-12-27 17:23:44,609:DEBUG:input tempfile: C:\Users\adypr\AppData\Local\Temp\tmpwu2unsmg\pavjdmtk.json
2024-12-27 17:23:44,624:DEBUG:input tempfile: C:\Users\adypr\AppData\Local\Temp\tmpwu2unsmg\da05htna.json
2024-12-27 17:23:44,626:DEBUG:idx 0
2024-12-27 17:23:44,626:DEBUG:running CmdStan, num_threads: None
2024-12-27 17:23:44,626:DEBUG:CmdStan args: ['C:\\Users\\adypr\\AppData\\Local\\Programs\\Python\\Python311\\Lib\\site-packages\\prophet\\stan_model\\prophet_model.bin', 'random', 'seed=11460', 'data', 'file=C:\\Users\\adypr\\AppData\\Local\\Temp\\tmpwu2unsmg\\pavjdmtk.json', 'init=C:\\Users\\adypr\\AppData\\Local\\Temp\\tmpwu2unsmg\\da05htna.json', 'output', 'file=C:\\Users\\adypr\\AppData\\Local\\Temp\\tmpwu2unsmg\\prophet_model4aw5s6n8\\prophet_model-20241227172344.csv', 'method=optimize', 'algorithm=lbfgs', 'iter=10000']
2024-12-27 17:23:44,626:INFO:Chain [1] start processing
2024-12-27 17:23:44,717:INFO:Chain [1] done processing
2024-12-27 17:26:13,185:DEBUG:cmd: where.exe tbb.dll
cwd: None
2024-12-27 17:26:13,250:DEBUG:TBB already found in load path
2024-12-27 17:26:13,255:INFO:Disabling yearly seasonality. Run prophet with yearly_seasonality=True to override this.
2024-12-27 17:26:13,255:INFO:Disabling daily seasonality. Run prophet with daily_seasonality=True to override this.
2024-12-27 17:26:13,266:DEBUG:input tempfile: C:\Users\adypr\AppData\Local\Temp\tmpwu2unsmg\pqootaoq.json
2024-12-27 17:26:13,280:DEBUG:input tempfile: C:\Users\adypr\AppData\Local\Temp\tmpwu2unsmg\xxg2ntbx.json
2024-12-27 17:26:13,281:DEBUG:idx 0
2024-12-27 17:26:13,281:DEBUG:running CmdStan, num_threads: None
2024-12-27 17:26:13,281:DEBUG:CmdStan args: ['C:\\Users\\adypr\\AppData\\Local\\Programs\\Python\\Python311\\Lib\\site-packages\\prophet\\stan_model\\prophet_model.bin', 'random', 'seed=73499', 'data', 'file=C:\\Users\\adypr\\AppData\\Local\\Temp\\tmpwu2unsmg\\pqootaoq.json', 'init=C:\\Users\\adypr\\AppData\\Local\\Temp\\tmpwu2unsmg\\xxg2ntbx.json', 'output', 'file=C:\\Users\\adypr\\AppData\\Local\\Temp\\tmpwu2unsmg\\prophet_model2hun_4l7\\prophet_model-20241227172613.csv', 'method=optimize', 'algorithm=lbfgs', 'iter=10000']
2024-12-27 17:26:13,281:INFO:Chain [1] start processing
2024-12-27 17:26:13,377:INFO:Chain [1] done processing
2024-12-27 17:27:09,674:DEBUG:cmd: where.exe tbb.dll
cwd: None
2024-12-27 17:27:09,737:DEBUG:TBB already found in load path
2024-12-27 17:27:09,742:INFO:Disabling yearly seasonality. Run prophet with yearly_seasonality=True to override this.
2024-12-27 17:27:09,742:INFO:Disabling daily seasonality. Run prophet with daily_seasonality=True to override this.
2024-12-27 17:27:09,751:DEBUG:input tempfile: C:\Users\adypr\AppData\Local\Temp\tmpwu2unsmg\polm6ysp.json
2024-12-27 17:27:09,765:DEBUG:input tempfile: C:\Users\adypr\AppData\Local\Temp\tmpwu2unsmg\fev5k5oq.json
2024-12-27 17:27:09,767:DEBUG:idx 0
2024-12-27 17:27:09,767:DEBUG:running CmdStan, num_threads: None
2024-12-27 17:27:09,767:DEBUG:CmdStan args: ['C:\\Users\\adypr\\AppData\\Local\\Programs\\Python\\Python311\\Lib\\site-packages\\prophet\\stan_model\\prophet_model.bin', 'random', 'seed=10727', 'data', 'file=C:\\Users\\adypr\\AppData\\Local\\Temp\\tmpwu2unsmg\\polm6ysp.json', 'init=C:\\Users\\adypr\\AppData\\Local\\Temp\\tmpwu2unsmg\\fev5k5oq.json', 'output', 'file=C:\\Users\\adypr\\AppData\\Local\\Temp\\tmpwu2unsmg\\prophet_modelw9ha8wv6\\prophet_model-20241227172709.csv', 'method=optimize', 'algorithm=lbfgs', 'iter=10000']
2024-12-27 17:27:09,767:INFO:Chain [1] start processing
2024-12-27 17:27:09,861:INFO:Chain [1] done processing
2024-12-27 17:28:10,515:ERROR:Error fetching news from https://www.nseindia.com/get-quotes/equity?symbol=ZOMATO: HTTPSConnectionPool(host='www.nseindia.com', port=443): Read timed out. (read timeout=5)
2024-12-27 17:29:41,527:DEBUG:cmd: where.exe tbb.dll
cwd: None
2024-12-27 17:29:41,612:DEBUG:TBB already found in load path
2024-12-27 17:29:41,620:INFO:Disabling yearly seasonality. Run prophet with yearly_seasonality=True to override this.
2024-12-27 17:29:41,620:INFO:Disabling daily seasonality. Run prophet with daily_seasonality=True to override this.
2024-12-27 17:29:41,631:DEBUG:input tempfile: C:\Users\adypr\AppData\Local\Temp\tmpwu2unsmg\8xtqkv40.json
2024-12-27 17:29:41,644:DEBUG:input tempfile: C:\Users\adypr\AppData\Local\Temp\tmpwu2unsmg\3o19ghxg.json
2024-12-27 17:29:41,646:DEBUG:idx 0
2024-12-27 17:29:41,646:DEBUG:running CmdStan, num_threads: None
2024-12-27 17:29:41,646:DEBUG:CmdStan args: ['C:\\Users\\adypr\\AppData\\Local\\Programs\\Python\\Python311\\Lib\\site-packages\\prophet\\stan_model\\prophet_model.bin', 'random', 'seed=9262', 'data', 'file=C:\\Users\\adypr\\AppData\\Local\\Temp\\tmpwu2unsmg\\8xtqkv40.json', 'init=C:\\Users\\adypr\\AppData\\Local\\Temp\\tmpwu2unsmg\\3o19ghxg.json', 'output', 'file=C:\\Users\\adypr\\AppData\\Local\\Temp\\tmpwu2unsmg\\prophet_modelxmje9gdy\\prophet_model-20241227172941.csv', 'method=optimize', 'algorithm=lbfgs', 'iter=10000']
2024-12-27 17:29:41,646:INFO:Chain [1] start processing
2024-12-27 17:29:41,724:INFO:Chain [1] done processing
2024-12-27 17:33:19,224:DEBUG:cmd: where.exe tbb.dll
cwd: None
2024-12-27 17:33:19,302:DEBUG:TBB already found in load path
2024-12-27 17:33:19,307:INFO:Disabling yearly seasonality. Run prophet with yearly_seasonality=True to override this.
2024-12-27 17:33:19,307:INFO:Disabling daily seasonality. Run prophet with daily_seasonality=True to override this.
2024-12-27 17:33:19,321:DEBUG:input tempfile: C:\Users\adypr\AppData\Local\Temp\tmpwu2unsmg\c332fqn6.json
2024-12-27 17:33:19,339:DEBUG:input tempfile: C:\Users\adypr\AppData\Local\Temp\tmpwu2unsmg\8k9d7clw.json
2024-12-27 17:33:19,342:DEBUG:idx 0
2024-12-27 17:33:19,342:DEBUG:running CmdStan, num_threads: None
2024-12-27 17:33:19,342:DEBUG:CmdStan args: ['C:\\Users\\adypr\\AppData\\Local\\Programs\\Python\\Python311\\Lib\\site-packages\\prophet\\stan_model\\prophet_model.bin', 'random', 'seed=4538', 'data', 'file=C:\\Users\\adypr\\AppData\\Local\\Temp\\tmpwu2unsmg\\c332fqn6.json', 'init=C:\\Users\\adypr\\AppData\\Local\\Temp\\tmpwu2unsmg\\8k9d7clw.json', 'output', 'file=C:\\Users\\adypr\\AppData\\Local\\Temp\\tmpwu2unsmg\\prophet_modellhyqn8va\\prophet_model-20241227173319.csv', 'method=optimize', 'algorithm=lbfgs', 'iter=10000']
2024-12-27 17:33:19,342:INFO:Chain [1] start processing
2024-12-27 17:33:19,456:INFO:Chain [1] done processing
